\BOOKMARK [1][-]{section.1}{背景介绍}{}% 1
\BOOKMARK [1][-]{section.2}{工作原理}{}% 2
\BOOKMARK [2][-]{subsection.2.1}{指令集}{section.2}% 3
\BOOKMARK [2][-]{subsection.2.2}{PIPELINE}{section.2}% 4
\BOOKMARK [2][-]{subsection.2.3}{Memory}{section.2}% 5
\BOOKMARK [1][-]{section.3}{我的项目概况}{}% 6
\BOOKMARK [1][-]{section.4}{内核具体实现}{}% 7
\BOOKMARK [2][-]{subsection.4.1}{中间变量的实现}{section.4}% 8
\BOOKMARK [2][-]{subsection.4.2}{内存的实现}{section.4}% 9
\BOOKMARK [2][-]{subsection.4.3}{寄存器的实现}{section.4}% 10
\BOOKMARK [1][-]{section.5}{UI介绍}{}% 11
\BOOKMARK [2][-]{subsection.5.1}{界面介绍}{section.5}% 12
\BOOKMARK [2][-]{subsection.5.2}{怎样运行程序}{section.5}% 13
\BOOKMARK [2][-]{subsection.5.3}{菜单栏其他功能}{section.5}% 14
\BOOKMARK [1][-]{section.6}{UI的关键实现}{}% 15
\BOOKMARK [2][-]{subsection.6.1}{模拟运行}{section.6}% 16
\BOOKMARK [1][-]{section.7}{其他功能}{}% 17
\BOOKMARK [1][-]{section.8}{遇到的问题}{}% 18
\BOOKMARK [1][-]{section.9}{项目总结}{}% 19
\BOOKMARK [1][-]{section.10}{Thank\040You}{}% 20
